<?xml version="1.0" encoding="UTF-8"?>
<testng-results ignored="0" total="1" passed="1" failed="0" skipped="0">
  <reporter-output>
  </reporter-output>
  <suite started-at="2025-11-29T21:27:20 IST" name="Default suite" finished-at="2025-11-29T21:27:21 IST" duration-ms="1544">
    <groups>
    </groups>
    <test started-at="2025-11-29T21:27:20 IST" name="Default test" finished-at="2025-11-29T21:27:21 IST" duration-ms="1544">
      <class name="com.restassuredDemo.SpecBuilderTest">
        <test-method signature="serializeTest()[pri:0, instance:com.restassuredDemo.SpecBuilderTest@61230f6a]" started-at="2025-11-29T21:27:20 IST" name="serializeTest" finished-at="2025-11-29T21:27:21 IST" duration-ms="1516" status="PASS">
          <reporter-output>
          </reporter-output>
        </test-method> <!-- serializeTest -->
      </class> <!-- com.restassuredDemo.SpecBuilderTest -->
    </test> <!-- Default test -->
  </suite> <!-- Default suite -->
</testng-results>
