<?xml version="1.0" encoding="UTF-8"?>
<testng-results ignored="0" total="1" passed="1" failed="0" skipped="0">
  <reporter-output>
  </reporter-output>
  <suite started-at="2025-11-27T22:12:46 IST" name="Default suite" finished-at="2025-11-27T22:12:50 IST" duration-ms="3916">
    <groups>
    </groups>
    <test started-at="2025-11-27T22:12:46 IST" name="Default test" finished-at="2025-11-27T22:12:50 IST" duration-ms="3916">
      <class name="com.restassuredDemo.BugTest">
        <test-method signature="createBug()[pri:0, instance:com.restassuredDemo.BugTest@48e4374]" started-at="2025-11-27T22:12:46 IST" name="createBug" finished-at="2025-11-27T22:12:50 IST" duration-ms="3893" status="PASS">
          <reporter-output>
          </reporter-output>
        </test-method> <!-- createBug -->
      </class> <!-- com.restassuredDemo.BugTest -->
    </test> <!-- Default test -->
  </suite> <!-- Default suite -->
</testng-results>
