<?xml version="1.0" encoding="UTF-8"?>
<!-- Generated by org.testng.reporters.JUnitXMLReporter -->
<testsuite ignored="0" hostname="MacBookAir.lan" failures="0" tests="3" name="Default test" time="1.971" errors="0" timestamp="2025-11-26T19:35:50 IST">
  <testcase classname="com.restassuredDemo.DynamicJson" name="addBook" time="1.398"/>
  <testcase classname="com.restassuredDemo.DynamicJson" name="addBook" time="0.268"/>
  <testcase classname="com.restassuredDemo.DynamicJson" name="addBook" time="0.275"/>
</testsuite> <!-- Default test -->
