<?xml version="1.0" encoding="UTF-8"?>
<!-- Generated by org.testng.reporters.JUnitReportReporter -->
<testsuite hostname="MacBookAir.lan" failures="0" tests="2" name="com.restassuredDemo.OAuthTest" time="2.197" errors="0" timestamp="2025-11-28T18:39:05 IST" skipped="0">
  <testcase classname="com.restassuredDemo.OAuthTest" name="getCourseDetails" time="1.865"/>
  <testcase classname="com.restassuredDemo.OAuthTest" name="serverAuthorization" time="0.332"/>
</testsuite> <!-- com.restassuredDemo.OAuthTest -->
